<?xml version="1.0" encoding="UTF-8"?>
<!-- Generated by org.testng.reporters.JUnitXMLReporter -->
<testsuite ignored="0" hostname="DESKTOP-P1QCADH" failures="1" tests="1" name="Test" time="20.885" errors="0" timestamp="2026-01-31T17:15:00 IST">
  <testcase classname="tests.OrangeHRMTest" name="loginTest" time="20.773">
    <failure type="java.lang.RuntimeException" message="AI healing failed">
      <![CDATA[java.lang.RuntimeException: AI healing failed
at healer.OpenAIHealer.heal(OpenAIHealer.java:66)
at driver.SelfHealingDriver.findElement(SelfHealingDriver.java:55)
at tests.OrangeHRMTest.loginTest(OrangeHRMTest.java:25)
at java.base/java.util.ArrayList.forEach(ArrayList.java:1596)
Caused by: java.lang.RuntimeException: OpenAI error: Response{protocol=h2, code=401, message=, url=https://api.openai.com/v1/chat/completions}
at healer.OpenAIHealer.heal(OpenAIHealer.java:53)
... 28 more
... Removed 25 stack frames]]>
    </failure>
  </testcase> <!-- loginTest -->
</testsuite> <!-- Test -->
