<?xml version="1.0" encoding="UTF-8"?>
<testng-results ignored="0" total="1" passed="1" failed="0" skipped="0">
  <reporter-output>
  </reporter-output>
  <suite started-at="2026-04-07T23:27:38 IST" name="Default suite" finished-at="2026-04-07T23:27:58 IST" duration-ms="20430">
    <groups>
    </groups>
    <test started-at="2026-04-07T23:27:38 IST" name="Default test" finished-at="2026-04-07T23:27:58 IST" duration-ms="20430">
      <class name="tests.OrangeHRMTest">
        <test-method signature="loginTest()[pri:0, instance:tests.OrangeHRMTest@22ff4249]" started-at="2026-04-07T23:27:38 IST" name="loginTest" finished-at="2026-04-07T23:27:58 IST" duration-ms="20350" status="PASS">
          <reporter-output>
          </reporter-output>
        </test-method> <!-- loginTest -->
      </class> <!-- tests.OrangeHRMTest -->
    </test> <!-- Default test -->
  </suite> <!-- Default suite -->
</testng-results>
